#
# A fatal error has been detected by the Java Runtime Environment:
#
#  SIGSEGV (0xb) at pc=0x000000010ab8b2c1, pid=4702, tid=15363
#
# JRE version: Java(TM) SE Runtime Environment (7.0_79-b15) (build 1.7.0_79-b15)
# Java VM: Java HotSpot(TM) 64-Bit Server VM (24.79-b02 mixed mode bsd-amd64 compressed oops)
# Problematic frame:
# V  [libjvm.dylib+0x1f22c1]  oopDesc::size()+0x2d
#
# Failed to write core dump. Core dumps have been disabled. To enable core dumping, try "ulimit -c unlimited" before starting Java again
#
# If you would like to submit a bug report, please visit:
#   http://bugreport.java.com/bugreport/crash.jsp
#

---------------  T H R E A D  ---------------

Current thread (0x00007facbd00f800):  GCTaskThread [stack: 0x000000015400a000,0x000000015410a000] [id=15363]

siginfo:si_signo=SIGSEGV: si_errno=0, si_code=1 (SEGV_MAPERR), si_addr=0x0000000000000020

Registers:
RAX=0x000000010b1158f0, RBX=0x2805221928052211, RCX=0x0000000000000003, RDX=0x0000000000000001
RSP=0x0000000154109bf0, RBP=0x0000000154109bf0, RSI=0x0000000140291080, RDI=0x0000000000000008
R8 =0x000000000000000c, R9 =0x0000000000000001, R10=0x000000000089f001, R11=0x0000000140ecfd28
R12=0x000000010b1b0538, R13=0x0000000140ed0695, R14=0x00007facbac13c00, R15=0x00007facbac13ca0
RIP=0x000000010ab8b2c1, EFLAGS=0x0000000000010202, ERR=0x0000000000000004
  TRAPNO=0x000000000000000e

Top of Stack: (sp=0x0000000154109bf0)
0x0000000154109bf0:   0000000154109c60 000000010adf62c5
0x0000000154109c00:   0000000000000000 0000000140291080
0x0000000154109c10:   0000000140ecaee0 0000000000001000
0x0000000154109c20:   0000000154109cb0 0000000000000000
0x0000000154109c30:   0008000000000011 0000000140ed0695
0x0000000154109c40:   000000010b1b0538 0000000140ed0695
0x0000000154109c50:   0000000140ed0694 00007facbac13ca0
0x0000000154109c60:   0000000154109c80 000000010adf66f1
0x0000000154109c70:   00007facbac13c00 00007facbac13c68
0x0000000154109c80:   0000000154109ce0 000000010adf574d
0x0000000154109c90:   000000010ea80df0 000000010ea80df0
0x0000000154109ca0:   0000000140ed0695 000000010ea80df0
0x0000000154109cb0:   00007facbac13c00 00000001139f0000
0x0000000154109cc0:   00000001539a9381 00000001139f0000
0x0000000154109cd0:   00000001539a9381 0000000000000240
0x0000000154109ce0:   0000000154109da0 000000010ab06102
0x0000000154109cf0:   0000000154109d80 0000000000000200
0x0000000154109d00:   fffffffeac654b67 0000000000000100
0x0000000154109d10:   00000001539ab497 000000015310c500
0x0000000154109d20:   00000001539ab498 000000000089ce00
0x0000000154109d30:   fffffffeac656c7f 000000000089f098
0x0000000154109d40:   00000001539a9380 00000001539a9347
0x0000000154109d50:   0000000113e12ea8 00000001139f0000
0x0000000154109d60:   00007facbb806040 00007facbac13c00
0x0000000154109d70:   00007facbb805db0 00007facbb80e9a0
0x0000000154109d80:   0000000000000000 000000010af17df1
0x0000000154109d90:   00007facbac13c00 0000000000000001
0x0000000154109da0:   0000000154109dd0 000000010adf8ceb
0x0000000154109db0:   0000000000000004 00007facbb8095d0
0x0000000154109dc0:   00007facbd00f800 00007facbb80e9a0
0x0000000154109dd0:   0000000154109eb0 000000010ac06ca3
0x0000000154109de0:   0000000154109e10 00007facbb80cef0 

Instructions: (pc=0x000000010ab8b2c1)
0x000000010ab8b2a1:   84 d2 48 89 fe 74 15 48 8d 05 41 a6 58 00 8a 48
0x000000010ab8b2b1:   08 8b 7e 08 48 d3 e7 48 03 38 eb 04 48 8b 7e 08
0x000000010ab8b2c1:   8b 47 18 48 83 c7 10 85 c0 7e 09 a8 01 75 4e c1
0x000000010ab8b2d1:   f8 03 eb 47 85 c0 7f 43 85 c0 79 41 84 d2 0f 94 

Register to memory mapping:

RAX=0x000000010b1158f0: _ZN8Universe11_narrow_oopE+0 in /Library/Java/JavaVirtualMachines/jdk1.7.0_79.jdk/Contents/Home/jre/lib/server/libjvm.dylib at 0x000000010a999000
RBX=0x2805221928052211 is an unknown value
RCX=0x0000000000000003 is an unknown value
RDX=0x0000000000000001 is an unknown value
RSP=0x0000000154109bf0 is an unknown value
RBP=0x0000000154109bf0 is an unknown value
RSI=0x0000000140291080 is an unknown value
RDI=0x0000000000000008 is an unknown value
R8 =0x000000000000000c is an unknown value
R9 =0x0000000000000001 is an unknown value
R10=0x000000000089f001 is an unknown value
R11=0x0000000140ecfd28 is an oop
[C 
 - klass: {type array char}
 - length: 86
R12=0x000000010b1b0538: _ZN2os16_processor_countE+0 in /Library/Java/JavaVirtualMachines/jdk1.7.0_79.jdk/Contents/Home/jre/lib/server/libjvm.dylib at 0x000000010a999000
R13=0x0000000140ed0695 is an unknown value
R14=0x00007facbac13c00 is an unknown value
R15=0x00007facbac13ca0 is an unknown value


Stack: [0x000000015400a000,0x000000015410a000],  sp=0x0000000154109bf0,  free space=1022k
Native frames: (J=compiled Java code, j=interpreted, Vv=VM code, C=native code)
V  [libjvm.dylib+0x1f22c1]  oopDesc::size()+0x2d
V  [libjvm.dylib+0x45d2c5]  oopDesc* PSPromotionManager::copy_to_survivor_space<false>(oopDesc*)+0x35
V  [libjvm.dylib+0x45d6f1]  PSPromotionManager::process_popped_location_depth(StarTask)+0x73
V  [libjvm.dylib+0x45c74d]  PSPromotionManager::drain_stacks_depth(bool)+0x105
V  [libjvm.dylib+0x16d102]  CardTableExtension::scavenge_contents_parallel(ObjectStartArray*, MutableSpace*, HeapWord*, PSPromotionManager*, unsigned int, unsigned int)+0x388
V  [libjvm.dylib+0x45fceb]  OldToYoungRootsTask::do_it(GCTaskManager*, unsigned int)+0x4b
V  [libjvm.dylib+0x26dca3]  GCTaskThread::run()+0x1a1
V  [libjvm.dylib+0x421c4e]  java_start(Thread*)+0x126
C  [libsystem_c.dylib+0x14772]  _pthread_start+0x147
C  [libsystem_c.dylib+0x11a1]  thread_start+0xd


---------------  P R O C E S S  ---------------

Java Threads: ( => current thread )
  0x00007facbd066000 JavaThread "Service Thread" daemon [_thread_blocked, id=23043, stack(0x0000000157f8b000,0x000000015808b000)]
  0x00007facbd047800 JavaThread "C2 CompilerThread1" daemon [_thread_blocked, id=22531, stack(0x0000000157e88000,0x0000000157f88000)]
  0x00007facbd064800 JavaThread "C2 CompilerThread0" daemon [_thread_blocked, id=22019, stack(0x0000000157d85000,0x0000000157e85000)]
  0x00007facbd05f800 JavaThread "Signal Dispatcher" daemon [_thread_blocked, id=21507, stack(0x0000000157c82000,0x0000000157d82000)]
  0x00007facbb01e800 JavaThread "Finalizer" daemon [_thread_blocked, id=16899, stack(0x0000000157a3e000,0x0000000157b3e000)]
  0x00007facbb01d800 JavaThread "Reference Handler" daemon [_thread_blocked, id=16387, stack(0x000000015793b000,0x0000000157a3b000)]
  0x00007facbd001800 JavaThread "main" [_thread_blocked, id=3855, stack(0x000000010b3fd000,0x000000010b4fd000)]

Other Threads:
  0x00007facbb01b000 VMThread [stack: 0x0000000157838000,0x0000000157938000] [id=15875]
  0x00007facbd077000 WatcherThread [stack: 0x000000015808e000,0x000000015818e000] [id=23555]

=>0x00007facbd00f800 (exited) GCTaskThread [stack: 0x000000015400a000,0x000000015410a000] [id=15363]

VM state:at safepoint (normal execution)

VM Mutex/Monitor currently owned by a thread:  ([mutex/lock_event])
[0x00007facbbb01ec0] Threads_lock - owner thread: 0x00007facbb01b000
[0x00007facbbb023c0] Heap_lock - owner thread: 0x00007facbd001800

Heap
 PSYoungGen      total 38912K, used 38904K [0x000000013e400000, 0x0000000140f00000, 0x0000000153980000)
  eden space 33792K, 100% used [0x000000013e400000,0x0000000140500000,0x0000000140500000)
  from space 5120K, 99% used [0x0000000140500000,0x00000001409fe180,0x0000000140a00000)
  to   space 5120K, 99% used [0x0000000140a00000,0x0000000140efaee0,0x0000000140f00000)
 ParOldGen       total 87040K, used 18569K [0x0000000113980000, 0x0000000118e80000, 0x000000013e400000)
  object space 87040K, 21% used [0x0000000113980000,0x0000000114ba27e8,0x0000000118e80000)
 PSPermGen       total 21504K, used 6301K [0x000000010e780000, 0x000000010fc80000, 0x0000000113980000)
  object space 21504K, 29% used [0x000000010e780000,0x000000010eda7638,0x000000010fc80000)

Card table byte_map: [0x0000000153980000,0x0000000153baa000] byte_map_base: 0x000000015310c400

Polling page: 0x000000010b53c000

Code Cache  [0x000000010b5d2000, 0x000000010b842000, 0x000000010e5d2000)
 total_blobs=658 nmethods=412 adapters=200 free_code_cache=48058Kb largest_free_block=49182464

Compilation events (10 events):
Event: 1.890 Thread 0x00007facbd047800  409             com.android.dex.ClassDef::getTypeIndex (5 bytes)
Event: 1.890 Thread 0x00007facbd047800 nmethod 409 0x000000010b6e3290 code [0x000000010b6e33c0, 0x000000010b6e3418]
Event: 1.895 Thread 0x00007facbd047800  410             com.android.dx.io.instructions.InstructionCodec$18::decode (51 bytes)
Event: 1.899 Thread 0x00007facbd047800 nmethod 410 0x000000010b6e3990 code [0x000000010b6e3b00, 0x000000010b6e3d38]
Event: 1.899 Thread 0x00007facbd047800  411             com.android.dx.io.instructions.InstructionCodec$18::encode (29 bytes)
Event: 1.902 Thread 0x00007facbd047800 nmethod 411 0x000000010b6e6a10 code [0x000000010b6e6b80, 0x000000010b6e6db8]
Event: 1.902 Thread 0x00007facbd047800  412             com.android.dex.Dex$Section::readMethods (59 bytes)
Event: 1.905 Thread 0x00007facbd064800 nmethod 407 0x000000010b6e5c50 code [0x000000010b6e5de0, 0x000000010b6e6598]
Event: 1.905 Thread 0x00007facbd064800  413             com.android.dx.merge.DexMerger::transformMethods (126 bytes)
Event: 1.906 Thread 0x00007facbd047800 nmethod 412 0x000000010b6e8990 code [0x000000010b6e8b00, 0x000000010b6e8d88]

GC Heap History (3 events):
Event: 1.325 GC heap before
{Heap before GC invocations=1 (full 0):
 PSYoungGen      total 38912K, used 33792K [0x000000013e400000, 0x0000000140f00000, 0x0000000153980000)
  eden space 33792K, 100% used [0x000000013e400000,0x0000000140500000,0x0000000140500000)
  from space 5120K, 0% used [0x0000000140a00000,0x0000000140a00000,0x0000000140f00000)
  to   space 5120K, 0% used [0x0000000140500000,0x0000000140500000,0x0000000140a00000)
 ParOldGen       total 87040K, used 0K [0x0000000113980000, 0x0000000118e80000, 0x000000013e400000)
  object space 87040K, 0% used [0x0000000113980000,0x0000000113980000,0x0000000118e80000)
 PSPermGen       total 21504K, used 5976K [0x000000010e780000, 0x000000010fc80000, 0x0000000113980000)
  object space 21504K, 27% used [0x000000010e780000,0x000000010ed56110,0x000000010fc80000)
Event: 1.336 GC heap after
Heap after GC invocations=1 (full 0):
 PSYoungGen      total 38912K, used 5112K [0x000000013e400000, 0x0000000140f00000, 0x0000000153980000)
  eden space 33792K, 0% used [0x000000013e400000,0x000000013e400000,0x0000000140500000)
  from space 5120K, 99% used [0x0000000140500000,0x00000001409fe180,0x0000000140a00000)
  to   space 5120K, 0% used [0x0000000140a00000,0x0000000140a00000,0x0000000140f00000)
 ParOldGen       total 87040K, used 4683K [0x0000000113980000, 0x0000000118e80000, 0x000000013e400000)
  object space 87040K, 5% used [0x0000000113980000,0x0000000113e12ea8,0x0000000118e80000)
 PSPermGen       total 21504K, used 5976K [0x000000010e780000, 0x000000010fc80000, 0x0000000113980000)
  object space 21504K, 27% used [0x000000010e780000,0x000000010ed56110,0x000000010fc80000)
}
Event: 1.914 GC heap before
{Heap before GC invocations=2 (full 0):
 PSYoungGen      total 38912K, used 38904K [0x000000013e400000, 0x0000000140f00000, 0x0000000153980000)
  eden space 33792K, 100% used [0x000000013e400000,0x0000000140500000,0x0000000140500000)
  from space 5120K, 99% used [0x0000000140500000,0x00000001409fe180,0x0000000140a00000)
  to   space 5120K, 0% used [0x0000000140a00000,0x0000000140a00000,0x0000000140f00000)
 ParOldGen       total 87040K, used 4683K [0x0000000113980000, 0x0000000118e80000, 0x000000013e400000)
  object space 87040K, 5% used [0x0000000113980000,0x0000000113e12ea8,0x0000000118e80000)
 PSPermGen       total 21504K, used 6301K [0x000000010e780000, 0x000000010fc80000, 0x0000000113980000)
  object space 21504K, 29% used [0x000000010e780000,0x000000010eda7638,0x000000010fc80000)

Deoptimization events (10 events):
Event: 1.027 Thread 0x00007facbd001800 Uncommon trap: reason=class_check action=maybe_recompile pc=0x000000010b67863c method=com.android.dx.rop.code.RegisterSpec.getType()Lcom/android/dx/rop/type/Type; @ 4
Event: 1.027 Thread 0x00007facbd001800 Uncommon trap: reason=class_check action=maybe_recompile pc=0x000000010b67863c method=com.android.dx.rop.code.RegisterSpec.getType()Lcom/android/dx/rop/type/Type; @ 4
Event: 1.028 Thread 0x00007facbd001800 Uncommon trap: reason=class_check action=maybe_recompile pc=0x000000010b67863c method=com.android.dx.rop.code.RegisterSpec.getType()Lcom/android/dx/rop/type/Type; @ 4
Event: 1.028 Thread 0x00007facbd001800 Uncommon trap: reason=class_check action=maybe_recompile pc=0x000000010b67863c method=com.android.dx.rop.code.RegisterSpec.getType()Lcom/android/dx/rop/type/Type; @ 4
Event: 1.208 Thread 0x00007facbd001800 Uncommon trap: reason=class_check action=maybe_recompile pc=0x000000010b688420 method=com.android.dex.Leb128.writeUnsignedLeb128(Lcom/android/dex/util/ByteOutput;I)V @ 40
Event: 1.208 Thread 0x00007facbd001800 Uncommon trap: reason=class_check action=maybe_recompile pc=0x000000010b688420 method=com.android.dex.Leb128.writeUnsignedLeb128(Lcom/android/dex/util/ByteOutput;I)V @ 40
Event: 1.208 Thread 0x00007facbd001800 Uncommon trap: reason=class_check action=maybe_recompile pc=0x000000010b688420 method=com.android.dex.Leb128.writeUnsignedLeb128(Lcom/android/dex/util/ByteOutput;I)V @ 40
Event: 1.208 Thread 0x00007facbd001800 Uncommon trap: reason=class_check action=maybe_recompile pc=0x000000010b688420 method=com.android.dex.Leb128.writeUnsignedLeb128(Lcom/android/dex/util/ByteOutput;I)V @ 40
Event: 1.303 Thread 0x00007facbd001800 Uncommon trap: reason=predicate action=maybe_recompile pc=0x000000010b694e0c method=com.android.dex.Leb128.writeUnsignedLeb128(Lcom/android/dex/util/ByteOutput;I)V @ 9
Event: 1.428 Thread 0x00007facbd001800 Uncommon trap: reason=predicate action=maybe_recompile pc=0x000000010b69b504 method=com.android.dex.Leb128.readUnsignedLeb128(Lcom/android/dex/util/ByteInput;)I @ 41

Internal exceptions (10 events):
Event: 1.320 Thread 0x00007facbd001800 Threw 0x00000001404c20f8 at /HUDSON/workspace/7u-2-build-macosx-x86_64/jdk7u79/2331/hotspot/src/share/vm/prims/jvm.cpp:1304
Event: 1.320 Thread 0x00007facbd001800 Threw 0x00000001404c5558 at /HUDSON/workspace/7u-2-build-macosx-x86_64/jdk7u79/2331/hotspot/src/share/vm/prims/jvm.cpp:1304
Event: 1.321 Thread 0x00007facbd001800 Threw 0x00000001404c8a98 at /HUDSON/workspace/7u-2-build-macosx-x86_64/jdk7u79/2331/hotspot/src/share/vm/prims/jvm.cpp:1304
Event: 1.322 Thread 0x00007facbd001800 Threw 0x00000001404cc800 at /HUDSON/workspace/7u-2-build-macosx-x86_64/jdk7u79/2331/hotspot/src/share/vm/prims/jvm.cpp:1304
Event: 1.323 Thread 0x00007facbd001800 Threw 0x00000001404cfaa8 at /HUDSON/workspace/7u-2-build-macosx-x86_64/jdk7u79/2331/hotspot/src/share/vm/prims/jvm.cpp:1304
Event: 1.323 Thread 0x00007facbd001800 Threw 0x00000001404d2f20 at /HUDSON/workspace/7u-2-build-macosx-x86_64/jdk7u79/2331/hotspot/src/share/vm/prims/jvm.cpp:1304
Event: 1.324 Thread 0x00007facbd001800 Threw 0x00000001404d65a8 at /HUDSON/workspace/7u-2-build-macosx-x86_64/jdk7u79/2331/hotspot/src/share/vm/prims/jvm.cpp:1304
Event: 1.338 Thread 0x00007facbd001800 Threw 0x000000013e496ad8 at /HUDSON/workspace/7u-2-build-macosx-x86_64/jdk7u79/2331/hotspot/src/share/vm/prims/jvm.cpp:1304
Event: 1.339 Thread 0x00007facbd001800 Threw 0x000000013e499010 at /HUDSON/workspace/7u-2-build-macosx-x86_64/jdk7u79/2331/hotspot/src/share/vm/prims/jvm.cpp:1304
Event: 1.805 Thread 0x00007facbd001800 Threw 0x000000013fb631e8 at /HUDSON/workspace/7u-2-build-macosx-x86_64/jdk7u79/2331/hotspot/src/share/vm/prims/jvm.cpp:1304

Events (10 events):
Event: 1.398 loading class 0x00007facbc871810
Event: 1.398 loading class 0x00007facbc871810 done
Event: 1.428 Thread 0x00007facbd001800 Uncommon trap: trap_request=0xffffff86 fr.pc=0x000000010b69b504
Event: 1.428 Thread 0x00007facbd001800 DEOPT PACKING pc=0x000000010b69b504 sp=0x000000010b4fc200
Event: 1.428 Thread 0x00007facbd001800 DEOPT UNPACKING pc=0x000000010b60b045 sp=0x000000010b4fc1c8 mode 2
Event: 1.801 loading class 0x00000001565f7810
Event: 1.801 loading class 0x00000001565f7810 done
Event: 1.805 loading class 0x00007facbb838c80
Event: 1.805 loading class 0x00007facbb838c80 done
Event: 1.914 Executing VM operation: ParallelGCFailedAllocation


Dynamic libraries:
0x000000000a2c2000 	/System/Library/Frameworks/Cocoa.framework/Versions/A/Cocoa
0x000000000a2c2000 	/System/Library/Frameworks/Security.framework/Versions/A/Security
0x000000000a2c2000 	/System/Library/Frameworks/ApplicationServices.framework/Versions/A/ApplicationServices
0x000000000a2c2000 	/usr/lib/libz.1.dylib
0x000000000a2c2000 	/usr/lib/libSystem.B.dylib
0x000000000a2c2000 	/usr/lib/libobjc.A.dylib
0x000000000a2c2000 	/System/Library/Frameworks/CoreFoundation.framework/Versions/A/CoreFoundation
0x000000000a2c2000 	/System/Library/Frameworks/Foundation.framework/Versions/C/Foundation
0x000000000a2c2000 	/System/Library/Frameworks/AppKit.framework/Versions/C/AppKit
0x000000000a2c2000 	/System/Library/Frameworks/CoreData.framework/Versions/A/CoreData
0x000000000a2c2000 	/System/Library/PrivateFrameworks/RemoteViewServices.framework/Versions/A/RemoteViewServices
0x000000000a2c2000 	/System/Library/Frameworks/AudioToolbox.framework/Versions/A/AudioToolbox
0x000000000a2c2000 	/System/Library/Frameworks/AudioUnit.framework/Versions/A/AudioUnit
0x000000000a2c2000 	/System/Library/PrivateFrameworks/DataDetectorsCore.framework/Versions/A/DataDetectorsCore
0x000000000a2c2000 	/System/Library/PrivateFrameworks/DesktopServicesPriv.framework/Versions/A/DesktopServicesPriv
0x000000000a2c2000 	/System/Library/Frameworks/Carbon.framework/Versions/A/Frameworks/HIToolbox.framework/Versions/A/HIToolbox
0x000000000a2c2000 	/System/Library/Frameworks/QuartzCore.framework/Versions/A/QuartzCore
0x000000000a2c2000 	/System/Library/Frameworks/Carbon.framework/Versions/A/Frameworks/SpeechRecognition.framework/Versions/A/SpeechRecognition
0x000000000a2c2000 	/usr/lib/libauto.dylib
0x000000000a2c2000 	/usr/lib/libicucore.A.dylib
0x000000000a2c2000 	/usr/lib/libxml2.2.dylib
0x000000000a2c2000 	/System/Library/PrivateFrameworks/CoreUI.framework/Versions/A/CoreUI
0x000000000a2c2000 	/System/Library/Frameworks/CoreAudio.framework/Versions/A/CoreAudio
0x000000000a2c2000 	/System/Library/Frameworks/DiskArbitration.framework/Versions/A/DiskArbitration
0x000000000a2c2000 	/usr/lib/liblangid.dylib
0x000000000a2c2000 	/System/Library/PrivateFrameworks/MultitouchSupport.framework/Versions/A/MultitouchSupport
0x000000000a2c2000 	/System/Library/Frameworks/IOKit.framework/Versions/A/IOKit
0x000000000a2c2000 	/usr/lib/libDiagnosticMessagesClient.dylib
0x000000000a2c2000 	/System/Library/Frameworks/CoreServices.framework/Versions/A/CoreServices
0x000000000a2c2000 	/System/Library/PrivateFrameworks/PerformanceAnalysis.framework/Versions/A/PerformanceAnalysis
0x000000000a2c2000 	/System/Library/PrivateFrameworks/GenerationalStorage.framework/Versions/A/GenerationalStorage
0x000000000a2c2000 	/System/Library/Frameworks/OpenGL.framework/Versions/A/OpenGL
0x000000000a2c2000 	/System/Library/Frameworks/CoreText.framework/Versions/A/CoreText
0x000000000a2c2000 	/System/Library/Frameworks/ImageIO.framework/Versions/A/ImageIO
0x000000000a2c2000 	/System/Library/PrivateFrameworks/Backup.framework/Versions/A/Backup
0x000000000a2c2000 	/System/Library/Frameworks/CFNetwork.framework/Versions/A/CFNetwork
0x000000000a2c2000 	/System/Library/Frameworks/SystemConfiguration.framework/Versions/A/SystemConfiguration
0x000000000a2c2000 	/usr/lib/libCRFSuite.dylib
0x000000000a2c2000 	/System/Library/PrivateFrameworks/TCC.framework/Versions/A/TCC
0x000000000a2c2000 	/usr/lib/libc++.1.dylib
0x000000000a2c2000 	/usr/lib/libc++abi.dylib
0x000000000a2c2000 	/usr/lib/system/libcache.dylib
0x000000000a2c2000 	/usr/lib/system/libcommonCrypto.dylib
0x000000000a2c2000 	/usr/lib/system/libcompiler_rt.dylib
0x000000000a2c2000 	/usr/lib/system/libcopyfile.dylib
0x000000000a2c2000 	/usr/lib/system/libdispatch.dylib
0x000000000a2c2000 	/usr/lib/system/libdnsinfo.dylib
0x000000000a2c2000 	/usr/lib/system/libdyld.dylib
0x000000000a2c2000 	/usr/lib/system/libkeymgr.dylib
0x000000000a2c2000 	/usr/lib/system/liblaunch.dylib
0x000000000a2c2000 	/usr/lib/system/libmacho.dylib
0x000000000a2c2000 	/usr/lib/system/libquarantine.dylib
0x000000000a2c2000 	/usr/lib/system/libremovefile.dylib
0x000000000a2c2000 	/usr/lib/system/libsystem_blocks.dylib
0x000000000a2c2000 	/usr/lib/system/libsystem_c.dylib
0x000000000a2c2000 	/usr/lib/system/libsystem_dnssd.dylib
0x000000000a2c2000 	/usr/lib/system/libsystem_info.dylib
0x000000000a2c2000 	/usr/lib/system/libsystem_kernel.dylib
0x000000000a2c2000 	/usr/lib/system/libsystem_m.dylib
0x000000000a2c2000 	/usr/lib/system/libsystem_network.dylib
0x000000000a2c2000 	/usr/lib/system/libsystem_notify.dylib
0x000000000a2c2000 	/usr/lib/system/libsystem_sandbox.dylib
0x000000000a2c2000 	/usr/lib/system/libunc.dylib
0x000000000a2c2000 	/usr/lib/system/libunwind.dylib
0x000000000a2c2000 	/usr/lib/system/libxpc.dylib
0x000000000a2c2000 	/usr/lib/system/libcorecrypto.dylib
0x000000000a2c2000 	/usr/lib/libstdc++.6.dylib
0x000000000a2c2000 	/usr/lib/libbsm.0.dylib
0x000000000a2c2000 	/usr/lib/libsqlite3.dylib
0x000000000a2c2000 	/usr/lib/libxar.1.dylib
0x000000000a2c2000 	/usr/lib/libpam.2.dylib
0x000000000a2c2000 	/usr/lib/libOpenScriptingUtil.dylib
0x000000000a2c2000 	/usr/lib/libbz2.1.0.dylib
0x000000000a2c2000 	/System/Library/Frameworks/CoreServices.framework/Versions/A/Frameworks/CarbonCore.framework/Versions/A/CarbonCore
0x000000000a2c2000 	/System/Library/Frameworks/CoreServices.framework/Versions/A/Frameworks/Metadata.framework/Versions/A/Metadata
0x000000000a2c2000 	/System/Library/Frameworks/CoreServices.framework/Versions/A/Frameworks/OSServices.framework/Versions/A/OSServices
0x000000000a2c2000 	/System/Library/Frameworks/CoreServices.framework/Versions/A/Frameworks/SearchKit.framework/Versions/A/SearchKit
0x000000000a2c2000 	/System/Library/Frameworks/CoreServices.framework/Versions/A/Frameworks/AE.framework/Versions/A/AE
0x000000000a2c2000 	/System/Library/Frameworks/CoreServices.framework/Versions/A/Frameworks/LaunchServices.framework/Versions/A/LaunchServices
0x000000000a2c2000 	/System/Library/Frameworks/CoreServices.framework/Versions/A/Frameworks/DictionaryServices.framework/Versions/A/DictionaryServices
0x000000000a2c2000 	/System/Library/Frameworks/NetFS.framework/Versions/A/NetFS
0x000000000a2c2000 	/usr/lib/system/libkxld.dylib
0x000000000a2c2000 	/System/Library/PrivateFrameworks/NetAuth.framework/Versions/A/NetAuth
0x000000000a2c2000 	/System/Library/Frameworks/OpenDirectory.framework/Versions/A/Frameworks/CFOpenDirectory.framework/Versions/A/CFOpenDirectory
0x000000000a2c2000 	/usr/lib/libxslt.1.dylib
0x000000000a2c2000 	/System/Library/PrivateFrameworks/FamilyControls.framework/Versions/A/FamilyControls
0x000000000a2c2000 	/System/Library/Frameworks/Carbon.framework/Versions/A/Frameworks/Ink.framework/Versions/A/Ink
0x000000000a2c2000 	/System/Library/Frameworks/ApplicationServices.framework/Versions/A/Frameworks/CoreGraphics.framework/Versions/A/CoreGraphics
0x000000000a2c2000 	/System/Library/Frameworks/ApplicationServices.framework/Versions/A/Frameworks/ATS.framework/Versions/A/ATS
0x000000000a2c2000 	/System/Library/Frameworks/ApplicationServices.framework/Versions/A/Frameworks/ColorSync.framework/Versions/A/ColorSync
0x000000000a2c2000 	/System/Library/Frameworks/ApplicationServices.framework/Versions/A/Frameworks/HIServices.framework/Versions/A/HIServices
0x000000000a2c2000 	/System/Library/Frameworks/ApplicationServices.framework/Versions/A/Frameworks/LangAnalysis.framework/Versions/A/LangAnalysis
0x000000000a2c2000 	/System/Library/Frameworks/ApplicationServices.framework/Versions/A/Frameworks/PrintCore.framework/Versions/A/PrintCore
0x000000000a2c2000 	/System/Library/Frameworks/ApplicationServices.framework/Versions/A/Frameworks/QD.framework/Versions/A/QD
0x000000000a2c2000 	/System/Library/Frameworks/ApplicationServices.framework/Versions/A/Frameworks/SpeechSynthesis.framework/Versions/A/SpeechSynthesis
0x000000000a2c2000 	/System/Library/Frameworks/IOSurface.framework/Versions/A/IOSurface
0x000000000a2c2000 	/System/Library/Frameworks/Accelerate.framework/Versions/A/Accelerate
0x000000000a2c2000 	/System/Library/Frameworks/ApplicationServices.framework/Versions/A/Frameworks/ATS.framework/Versions/A/Resources/libFontParser.dylib
0x000000000a2c2000 	/System/Library/Frameworks/ApplicationServices.framework/Versions/A/Frameworks/ATS.framework/Versions/A/Resources/libFontRegistry.dylib
0x000000000a2c2000 	/System/Library/Frameworks/Accelerate.framework/Versions/A/Frameworks/vImage.framework/Versions/A/vImage
0x000000000a2c2000 	/System/Library/Frameworks/Accelerate.framework/Versions/A/Frameworks/vecLib.framework/Versions/A/vecLib
0x000000000a2c2000 	/System/Library/Frameworks/Accelerate.framework/Versions/A/Frameworks/vecLib.framework/Versions/A/libvDSP.dylib
0x000000000a2c2000 	/System/Library/Frameworks/Accelerate.framework/Versions/A/Frameworks/vecLib.framework/Versions/A/libvMisc.dylib
0x000000000a2c2000 	/System/Library/Frameworks/Accelerate.framework/Versions/A/Frameworks/vecLib.framework/Versions/A/libLAPACK.dylib
0x000000000a2c2000 	/System/Library/Frameworks/Accelerate.framework/Versions/A/Frameworks/vecLib.framework/Versions/A/libBLAS.dylib
0x000000000a2c2000 	/System/Library/Frameworks/ImageIO.framework/Versions/A/Resources/libJPEG.dylib
0x000000000a2c2000 	/System/Library/Frameworks/ImageIO.framework/Versions/A/Resources/libTIFF.dylib
0x000000000a2c2000 	/System/Library/Frameworks/ImageIO.framework/Versions/A/Resources/libPng.dylib
0x000000000a2c2000 	/System/Library/Frameworks/ImageIO.framework/Versions/A/Resources/libGIF.dylib
0x000000000a2c2000 	/System/Library/Frameworks/ImageIO.framework/Versions/A/Resources/libJP2.dylib
0x000000000a2c2000 	/System/Library/Frameworks/ImageIO.framework/Versions/A/Resources/libRadiance.dylib
0x000000000a2c2000 	/usr/lib/libcups.2.dylib
0x000000000a2c2000 	/System/Library/Frameworks/Kerberos.framework/Versions/A/Kerberos
0x000000000a2c2000 	/System/Library/Frameworks/GSS.framework/Versions/A/GSS
0x000000000a2c2000 	/usr/lib/libresolv.9.dylib
0x000000000a2c2000 	/usr/lib/libiconv.2.dylib
0x000000000a2c2000 	/System/Library/PrivateFrameworks/Heimdal.framework/Versions/A/Heimdal
0x000000000a2c2000 	/System/Library/PrivateFrameworks/TrustEvaluationAgent.framework/Versions/A/TrustEvaluationAgent
0x000000000a2c2000 	/System/Library/Frameworks/OpenDirectory.framework/Versions/A/OpenDirectory
0x000000000a2c2000 	/System/Library/PrivateFrameworks/CommonAuth.framework/Versions/A/CommonAuth
0x000000000a2c2000 	/System/Library/PrivateFrameworks/Bom.framework/Versions/A/Bom
0x000000000a2c2000 	/System/Library/Frameworks/CoreVideo.framework/Versions/A/CoreVideo
0x000000000a2c2000 	/System/Library/Frameworks/QuartzCore.framework/Versions/A/Frameworks/CoreImage.framework/Versions/A/CoreImage
0x000000000a2c2000 	/System/Library/Frameworks/QuartzCore.framework/Versions/A/Frameworks/ScalableUserInterface.framework/Versions/A/ScalableUserInterface
0x000000000a2c2000 	/System/Library/Frameworks/OpenGL.framework/Versions/A/Libraries/libGLU.dylib
0x000000000a2c2000 	/System/Library/Frameworks/OpenGL.framework/Versions/A/Libraries/libGFXShared.dylib
0x000000000a2c2000 	/System/Library/Frameworks/OpenGL.framework/Versions/A/Libraries/libGL.dylib
0x000000000a2c2000 	/System/Library/Frameworks/OpenGL.framework/Versions/A/Libraries/libGLImage.dylib
0x000000000a2c2000 	/System/Library/Frameworks/OpenGL.framework/Versions/A/Libraries/libCVMSPluginSupport.dylib
0x000000000a2c2000 	/System/Library/Frameworks/OpenGL.framework/Versions/A/Libraries/libCoreVMClient.dylib
0x000000000a2c2000 	/System/Library/PrivateFrameworks/CrashReporterSupport.framework/Versions/A/CrashReporterSupport
0x000000000a2c2000 	/System/Library/Frameworks/OpenCL.framework/Versions/A/OpenCL
0x000000000a2c2000 	/System/Library/PrivateFrameworks/FaceCoreLight.framework/Versions/A/FaceCoreLight
0x000000000a2c2000 	/System/Library/PrivateFrameworks/AppleFSCompression.framework/Versions/A/AppleFSCompression
0x000000000a2c2000 	/System/Library/PrivateFrameworks/Ubiquity.framework/Versions/A/Ubiquity
0x000000000a2c2000 	/System/Library/Frameworks/ServiceManagement.framework/Versions/A/ServiceManagement
0x000000000a2c2000 	/System/Library/PrivateFrameworks/ChunkingLibrary.framework/Versions/A/ChunkingLibrary
0x000000000a2c2000 	/System/Library/Frameworks/vecLib.framework/Versions/A/vecLib
0x000000000a2c2000 	/System/Library/Frameworks/SecurityFoundation.framework/Versions/A/SecurityFoundation
0x000000000a2c2000 	/System/Library/PrivateFrameworks/CommerceKit.framework/Versions/A/Frameworks/CommerceCore.framework/Versions/A/CommerceCore
0x000000000a2c2000 	/System/Library/PrivateFrameworks/CoreSymbolication.framework/Versions/A/CoreSymbolication
0x000000000a2c2000 	/System/Library/PrivateFrameworks/Symbolication.framework/Versions/A/Symbolication
0x000000000a2c2000 	/System/Library/PrivateFrameworks/DebugSymbols.framework/Versions/A/DebugSymbols
0x000000010a999000 	/Library/Java/JavaVirtualMachines/jdk1.7.0_79.jdk/Contents/Home/jre/lib/server/libjvm.dylib
0x000000010b4ff000 	/Library/Java/JavaVirtualMachines/jdk1.7.0_79.jdk/Contents/Home/jre/lib/libverify.dylib
0x000000010b50c000 	/Library/Java/JavaVirtualMachines/jdk1.7.0_79.jdk/Contents/Home/jre/lib/libjava.dylib
0x000000010b5c9000 	/Library/Java/JavaVirtualMachines/jdk1.7.0_79.jdk/Contents/Home/jre/lib/libzip.dylib
0x0000000157b40000 	/System/Library/Frameworks/JavaVM.framework/Frameworks/JavaRuntimeSupport.framework/JavaRuntimeSupport
0x0000000157b59000 	/System/Library/Frameworks/JavaVM.framework/Versions/A/Frameworks/JavaNativeFoundation.framework/Versions/A/JavaNativeFoundation
0x000000010e6f1000 	/System/Library/Frameworks/JavaVM.framework/Versions/A/JavaVM
0x000000000a2c2000 	/System/Library/Frameworks/Carbon.framework/Versions/A/Carbon
0x0000000157b6f000 	/System/Library/PrivateFrameworks/JavaLaunching.framework/Versions/A/JavaLaunching
0x000000000a2c2000 	/System/Library/Frameworks/Carbon.framework/Versions/A/Frameworks/CommonPanels.framework/Versions/A/CommonPanels
0x000000000a2c2000 	/System/Library/Frameworks/Carbon.framework/Versions/A/Frameworks/Help.framework/Versions/A/Help
0x000000000a2c2000 	/System/Library/Frameworks/Carbon.framework/Versions/A/Frameworks/ImageCapture.framework/Versions/A/ImageCapture
0x000000000a2c2000 	/System/Library/Frameworks/Carbon.framework/Versions/A/Frameworks/OpenScripting.framework/Versions/A/OpenScripting
0x000000000a2c2000 	/System/Library/Frameworks/Carbon.framework/Versions/A/Frameworks/Print.framework/Versions/A/Print
0x000000000a2c2000 	/System/Library/Frameworks/Carbon.framework/Versions/A/Frameworks/SecurityHI.framework/Versions/A/SecurityHI
0x00000001586ae000 	/Library/Java/JavaVirtualMachines/jdk1.7.0_79.jdk/Contents/Home/jre/lib/libnio.dylib
0x00000001586bd000 	/Library/Java/JavaVirtualMachines/jdk1.7.0_79.jdk/Contents/Home/jre/lib/./libnet.dylib

VM Arguments:
jvm_args: -Xmx1024M 
java_command: /Users/ashwini/Library/Android/sdk/build-tools/22.0.1/lib/dx.jar --dex --no-optimize --output /Users/ashwini/Desktop/Projects/Android/YardSale/app/build/intermediates/dex/debug --input-list=/Users/ashwini/Desktop/Projects/Android/YardSale/app/build/intermediates/tmp/dex/debug/inputList.txt
Launcher Type: SUN_STANDARD

Environment Variables:
PATH=/usr/bin:/bin:/usr/sbin:/sbin
SHELL=/bin/bash

Signal Handlers:
SIGSEGV: [libjvm.dylib+0x52daf1], sa_mask[0]=0xfffefeff, sa_flags=0x00000043
SIGBUS: [libjvm.dylib+0x52daf1], sa_mask[0]=0xfffefeff, sa_flags=0x00000042
SIGFPE: [libjvm.dylib+0x41f34e], sa_mask[0]=0xfffefeff, sa_flags=0x00000042
SIGPIPE: [libjvm.dylib+0x41f34e], sa_mask[0]=0xfffefeff, sa_flags=0x00000042
SIGXFSZ: [libjvm.dylib+0x41f34e], sa_mask[0]=0xfffefeff, sa_flags=0x00000042
SIGILL: [libjvm.dylib+0x41f34e], sa_mask[0]=0xfffefeff, sa_flags=0x00000042
SIGUSR1: SIG_DFL, sa_mask[0]=0x00000000, sa_flags=0x00000002
SIGUSR2: [libjvm.dylib+0x41ee40], sa_mask[0]=0x00000004, sa_flags=0x00000042
SIGHUP: [libjvm.dylib+0x41d0d1], sa_mask[0]=0xfffefeff, sa_flags=0x00000042
SIGINT: [libjvm.dylib+0x41d0d1], sa_mask[0]=0xfffefeff, sa_flags=0x00000042
SIGTERM: [libjvm.dylib+0x41d0d1], sa_mask[0]=0xfffefeff, sa_flags=0x00000042
SIGQUIT: [libjvm.dylib+0x41d0d1], sa_mask[0]=0xfffefeff, sa_flags=0x00000042


---------------  S Y S T E M  ---------------

OS:Bsduname:Darwin 12.6.0 Darwin Kernel Version 12.6.0: Wed Mar 18 16:23:48 PDT 2015; root:xnu-2050.48.19~1/RELEASE_X86_64 x86_64
rlimit: STACK 8192k, CORE 0k, NPROC 709, NOFILE 10240, AS infinity
load average:1.23 1.68 1.69

CPU:total 4 (2 cores per cpu, 2 threads per core) family 6 model 42 stepping 7, cmov, cx8, fxsr, mmx, sse, sse2, sse3, ssse3, sse4.1, sse4.2, popcnt, avx, aes, ht, tsc, tscinvbit

Memory: 4k page, physical 8388608k(2097152k free)

/proc/meminfo:


vm_info: Java HotSpot(TM) 64-Bit Server VM (24.79-b02) for bsd-amd64 JRE (1.7.0_79-b15), built on Apr 10 2015 11:35:04 by "java_re" with gcc 4.2.1 (Based on Apple Inc. build 5658) (LLVM build 2336.11.00)

time: Mon Jun  8 16:18:34 2015
elapsed time: 1 seconds

